[14.03.2011-23:33:41][SYSTEM] Iinitialize system startup
[14.03.2011-23:33:41][WARNING] Found unexpected config file 'machine_cfg - Kopie.xml'
[14.03.2011-23:33:41][INFO] Machine definition:
	id: 0
	amid: 100002
	typ: machine
	bgFile: multi_purpose/100214.jpg
	bgWidth: 1280
	bgHeight: 1024
	mnr: 000100
	mtel: 
[14.03.2011-23:33:41][INFO] Screen definition:
	id: 205593
	parent: 0
	typ: screen
	name: Screen-A-
	aux: 
	timeout: 0
	bgImg: multi_purpose/100595.png
	Def: Y
[14.03.2011-23:33:41][INFO] Screen definition:
	id: 205594
	parent: 0
	typ: screen
	name: Screen-B-
	aux: 
	timeout: 0
	bgImg: multi_purpose/100595.png
	Def: N
[14.03.2011-23:33:41][INFO] Button_C definition:
	id: 205595
	parent: 205593
	typ: button_c
	name: Button-1-
	aux: 
	xPos: 0
	yPos: 0
	upFile: multi_purpose/100256.png
	doFile: multi_purpose/100257.png
	actUpFile: 
	actDoFile: 
	teaUpFile: 
	teaDoFile: 
	visible: N
	urlLink: 
[14.03.2011-23:33:41][INFO] Button_C definition:
	id: 205596
	parent: 205593
	typ: button_c
	name: Button-2-
	aux: as
	xPos: 200
	yPos: 100
	upFile: multi_purpose/100242.png
	doFile: multi_purpose/100257.png
	actUpFile: asd
	actDoFile: qwe
	teaUpFile: yxc
	teaDoFile: das
	visible: Y
	urlLink: sad
[14.03.2011-23:33:41][INFO] Button_C definition:
	id: 205597
	parent: 205594
	typ: button_c
	name: Button-3-
	aux: 
	xPos: 0
	yPos: 0
	upFile: multi_purpose/100253.png
	doFile: multi_purpose/100250.png
	actUpFile: 
	actDoFile: 
	teaUpFile: 
	teaDoFile: 
	visible: N
	urlLink: 
[14.03.2011-23:33:41][INFO] Button_C definition:
	id: 205598
	parent: 205594
	typ: button_c
	name: Button-4-
	aux: 
	xPos: 100
	yPos: 100
	upFile: multi_purpose/101123.png
	doFile: multi_purpose/101350.jpg
	actUpFile: 
	actDoFile: 
	teaUpFile: 
	teaDoFile: 
	visible: Y
	urlLink: 
[14.03.2011-23:33:41][WARNING] Found unhandled object type 'button_t'in E:/Dev-Labs/Projekte/Qt/Projekt-42/src/config/am100002/v/cfg/obj_cfgv.xml on line 9
[14.03.2011-23:33:41][SYSTEM] Iinitialize UI from config files
[14.03.2011-23:33:41][SYSTEM] Startup lasts 18 milliseconds
[14.03.2011-23:33:46][SYSTEM] Application was closed manually
